<?xml version="1.0" encoding="UTF-8"?>
<!-- Generated by org.testng.reporters.JUnitXMLReporter -->
<testsuite hostname="DESKTOP-FDOBOJL" ignored="0" name="Automation Test Report" tests="1" failures="1" timestamp="03 Oct 2019 10:55:04 GMT" time="99.069" errors="0">
  <testcase name="feature" time="98.455" classname="com.ibm.testautomation.testrunner.TestRunner">
    <failure type="java.lang.AssertionError" message="null">
      <![CDATA[java.lang.AssertionError: null
at com.ibm.testautomation.stepdef.MyJuniperStepDef.verify_all_mnadatory_parent_tabs_are_present(MyJuniperStepDef.java:175)
at ✽.Verify All Mandatory Parent Tabs are present(src/test/java/Features/MyJuniper.feature:9)
... Removed 2 stack frames]]>
    </failure>
  </testcase> <!-- feature -->
</testsuite> <!-- Automation Test Report -->
