<?xml version="1.0" encoding="UTF-8"?>
<!-- Generated by org.testng.reporters.JUnitXMLReporter -->
<testsuite hostname="DESKTOP-FDOBOJL" ignored="0" name="Automation Test Report" tests="1" failures="1" timestamp="07 Oct 2019 07:41:50 GMT" time="320.402" errors="0">
  <testcase name="feature" time="319.698" classname="com.ibm.testautomation.testrunner.TestRunner">
    <failure type="java.lang.AssertionError" message="null">
      <![CDATA[java.lang.AssertionError: null
at com.ibm.testautomation.stepdef.MyJuniperStepDef.verify_all_tabs_are_working(MyJuniperStepDef.java:208)
at ✽.Verify All Tabs are working(src/test/java/Features/MyJuniper.feature:10)
... Removed 2 stack frames]]>
    </failure>
  </testcase> <!-- feature -->
</testsuite> <!-- Automation Test Report -->
