<?xml version="1.0" encoding="UTF-8"?>
<testng-results skipped="0" failed="0" ignored="0" total="1" passed="1">
  <reporter-output>
  </reporter-output>
  <suite name="Automation Test Report" duration-ms="323965" started-at="2019-10-02T10:23:00Z" finished-at="2019-10-02T10:28:24Z">
    <groups>
    </groups>
    <test name="Automation Test Report" duration-ms="323965" started-at="2019-10-02T10:23:00Z" finished-at="2019-10-02T10:28:24Z">
      <class name="com.ibm.testautomation.testrunner.TestRunner">
        <test-method status="PASS" signature="setUpClass()[pri:0, instance:com.ibm.testautomation.testrunner.TestRunner@1593948d]" name="setUpClass" is-config="true" duration-ms="214" started-at="2019-10-02T10:23:00Z" finished-at="2019-10-02T10:23:00Z">
          <reporter-output>
          </reporter-output>
        </test-method> <!-- setUpClass -->
        <test-method status="PASS" signature="feature(cucumber.api.testng.PickleEventWrapper, cucumber.api.testng.CucumberFeatureWrapper)[pri:0, instance:com.ibm.testautomation.testrunner.TestRunner@1593948d]" name="feature" duration-ms="323328" started-at="2019-10-02T10:23:00Z" data-provider="features" finished-at="2019-10-02T10:28:24Z">
          <params>
            <param index="0">
              <value>
                <![CDATA["Verify MyJuniper Application"]]>
              </value>
            </param>
            <param index="1">
              <value>
                <![CDATA["MyJuniper Application Flow Check"]]>
              </value>
            </param>
          </params>
          <reporter-output>
          </reporter-output>
        </test-method> <!-- feature -->
        <test-method status="PASS" signature="tearDownClass()[pri:0, instance:com.ibm.testautomation.testrunner.TestRunner@1593948d]" name="tearDownClass" is-config="true" duration-ms="13" started-at="2019-10-02T10:28:24Z" finished-at="2019-10-02T10:28:24Z">
          <reporter-output>
          </reporter-output>
        </test-method> <!-- tearDownClass -->
      </class> <!-- com.ibm.testautomation.testrunner.TestRunner -->
    </test> <!-- Automation Test Report -->
  </suite> <!-- Automation Test Report -->
</testng-results>
