<?xml version="1.0" encoding="UTF-8"?>
<testng-results skipped="0" failed="1" ignored="0" total="1" passed="0">
  <reporter-output>
  </reporter-output>
  <suite name="Automation Test Report" duration-ms="320402" started-at="2019-10-07T07:36:30Z" finished-at="2019-10-07T07:41:50Z">
    <groups>
    </groups>
    <test name="Automation Test Report" duration-ms="320402" started-at="2019-10-07T07:36:30Z" finished-at="2019-10-07T07:41:50Z">
      <class name="com.ibm.testautomation.testrunner.TestRunner">
        <test-method status="PASS" signature="setUpClass()[pri:0, instance:com.ibm.testautomation.testrunner.TestRunner@544fe44c]" name="setUpClass" is-config="true" duration-ms="243" started-at="2019-10-07T07:36:30Z" finished-at="2019-10-07T07:36:31Z">
          <reporter-output>
          </reporter-output>
        </test-method> <!-- setUpClass -->
        <test-method status="FAIL" signature="feature(cucumber.api.testng.PickleEventWrapper, cucumber.api.testng.CucumberFeatureWrapper)[pri:0, instance:com.ibm.testautomation.testrunner.TestRunner@544fe44c]" name="feature" duration-ms="319698" started-at="2019-10-07T07:36:31Z" data-provider="features" finished-at="2019-10-07T07:41:50Z">
          <params>
            <param index="0">
              <value>
                <![CDATA["Verify MyJuniper Application"]]>
              </value>
            </param>
            <param index="1">
              <value>
                <![CDATA["MyJuniper Application Flow Check"]]>
              </value>
            </param>
          </params>
          <exception class="java.lang.AssertionError">
            <message>
              <![CDATA[null]]>
            </message>
            <full-stacktrace>
              <![CDATA[java.lang.AssertionError: null
at org.testng.Assert.fail(Assert.java:96)
at org.testng.Assert.fail(Assert.java:103)
at com.ibm.testautomation.stepdef.MyJuniperStepDef.verify_all_tabs_are_working(MyJuniperStepDef.java:208)
at ✽.Verify All Tabs are working(src/test/java/Features/MyJuniper.feature:10)
]]>
            </full-stacktrace>
          </exception> <!-- java.lang.AssertionError -->
          <reporter-output>
          </reporter-output>
        </test-method> <!-- feature -->
        <test-method status="PASS" signature="tearDownClass()[pri:0, instance:com.ibm.testautomation.testrunner.TestRunner@544fe44c]" name="tearDownClass" is-config="true" duration-ms="5" started-at="2019-10-07T07:41:50Z" finished-at="2019-10-07T07:41:50Z">
          <reporter-output>
          </reporter-output>
        </test-method> <!-- tearDownClass -->
      </class> <!-- com.ibm.testautomation.testrunner.TestRunner -->
    </test> <!-- Automation Test Report -->
  </suite> <!-- Automation Test Report -->
</testng-results>
