<?xml version="1.0" encoding="UTF-8"?>
<!-- Generated by org.testng.reporters.JUnitReportReporter -->
<testsuite skipped="0" hostname="DESKTOP-FDOBOJL" name="com.ibm.testautomation.testrunner.TestRunner" tests="1" failures="1" timestamp="07 Oct 2019 07:41:52 GMT" time="319.698" errors="0">
  <testcase name="feature" time="319.698" classname="com.ibm.testautomation.testrunner.TestRunner">
    <failure type="java.lang.AssertionError" message="null">
      <![CDATA[java.lang.AssertionError: null
at org.testng.Assert.fail(Assert.java:96)
at org.testng.Assert.fail(Assert.java:103)
at com.ibm.testautomation.stepdef.MyJuniperStepDef.verify_all_tabs_are_working(MyJuniperStepDef.java:208)
at ✽.Verify All Tabs are working(src/test/java/Features/MyJuniper.feature:10)
]]>
    </failure>
  </testcase> <!-- feature -->
</testsuite> <!-- com.ibm.testautomation.testrunner.TestRunner -->
