<?xml version="1.0" encoding="UTF-8"?>
<!-- Generated by org.testng.reporters.JUnitReportReporter -->
<testsuite skipped="0" hostname="DESKTOP-FDOBOJL" name="com.ibm.testautomation.testrunner.TestRunner" tests="1" failures="1" timestamp="04 Oct 2019 03:14:46 GMT" time="98.928" errors="0">
  <testcase name="feature" time="98.928" classname="com.ibm.testautomation.testrunner.TestRunner">
    <failure type="java.lang.AssertionError" message="null">
      <![CDATA[java.lang.AssertionError: null
at org.testng.Assert.fail(Assert.java:96)
at org.testng.Assert.fail(Assert.java:103)
at com.ibm.testautomation.stepdef.MyJuniperStepDef.verify_all_mnadatory_parent_tabs_are_present(MyJuniperStepDef.java:166)
at ✽.Verify All Mandatory Parent Tabs are present(src/test/java/Features/MyJuniper.feature:9)
]]>
    </failure>
  </testcase> <!-- feature -->
</testsuite> <!-- com.ibm.testautomation.testrunner.TestRunner -->
